<?xml version="1.0" encoding="UTF-8"?>
<testsuite xmlns:xsi="http://www.w3.org/2001/XMLSchema-instance" xsi:noNamespaceSchemaLocation="https://maven.apache.org/surefire/maven-surefire-plugin/xsd/surefire-test-report.xsd" name="TestSuite" time="113.306" tests="3" errors="0" skipped="0" failures="0">
  <properties>
    <property name="java.specification.version" value="17"/>
    <property name="RUN_DISPLAY_URL" value="http://localhost:9090/job/mavenproject1/37/display/redirect"/>
    <property name="HUDSON_HOME" value="C:\Users\Admin\.jenkins"/>
    <property name="sun.cpu.isalist" value="amd64"/>
    <property name="RUN_CHANGES_DISPLAY_URL" value="http://localhost:9090/job/mavenproject1/37/display/redirect?page=changes"/>
    <property name="sun.jnu.encoding" value="Cp1252"/>
    <property name="SESSIONNAME" value="Console"/>
    <property name="ALLUSERSPROFILE" value="C:\ProgramData"/>
    <property name="sun.arch.data.model" value="64"/>
    <property name="SystemDrive" value="C:"/>
    <property name="java.vendor.url" value="https://java.oracle.com/"/>
    <property name="JENKINS_SERVER_COOKIE" value="925786223d7e50a9"/>
    <property name="USERNAME" value="Admin"/>
    <property name="ProgramFiles(x86)" value="C:\Program Files (x86)"/>
    <property name="JENKINS_URL" value="http://localhost:9090/"/>
    <property name="sun.boot.library.path" value="C:\Program Files\Java\jdk-17\bin"/>
    <property name="sun.java.command" value="jenkins.maven3.agent.Maven35Main C:\Program Files\apache-maven-3.9.3 C:\Users\Admin\.jenkins\war\WEB-INF\lib\remoting-3107.v665000b_51092.jar C:\Users\Admin\.jenkins\plugins\maven-plugin\WEB-INF\lib\maven35-interceptor-1.14.jar C:\Users\Admin\.jenkins\plugins\maven-plugin\WEB-INF\lib\maven3-interceptor-commons-1.14.jar 58540"/>
    <property name="FPS_BROWSER_USER_PROFILE_STRING" value="Default"/>
    <property name="maven.home" value="C:\Program Files\apache-maven-3.9.3"/>
    <property name="jdk.debug" value="release"/>
    <property name="PATHEXT" value=".COM;.EXE;.BAT;.CMD;.VBS;.VBE;.JS;.JSE;.WSF;.WSH;.MSC"/>
    <property name="DriverData" value="C:\Windows\System32\Drivers\DriverData"/>
    <property name="POM_GROUPID" value="mavenproject1"/>
    <property name="java.specification.vendor" value="Oracle Corporation"/>
    <property name="jansi.mode" value="strip"/>
    <property name="java.version.date" value="2023-04-18"/>
    <property name="java.home" value="C:\Program Files\Java\jdk-17"/>
    <property name="JENKINS_HOME" value="C:\Users\Admin\.jenkins"/>
    <property name="file.separator" value="\"/>
    <property name="java.vm.compressedOopsMode" value="32-bit"/>
    <property name="line.separator" value="&#10;"/>
    <property name="HOMEPATH" value="\Users\Admin"/>
    <property name="NODE_NAME" value="built-in"/>
    <property name="java.vm.specification.vendor" value="Oracle Corporation"/>
    <property name="java.specification.name" value="Java Platform API Specification"/>
    <property name="BUILD_DISPLAY_NAME" value="#37"/>
    <property name="PROCESSOR_IDENTIFIER" value="Intel64 Family 6 Model 78 Stepping 3, GenuineIntel"/>
    <property name="maven3.interceptor" value="C:\Users\Admin\.jenkins\plugins\maven-plugin\WEB-INF\lib\maven35-interceptor-1.14.jar"/>
    <property name="PATH+MAVEN" value="C:\Program Files\apache-maven-3.9.3/bin"/>
    <property name="maven3.interceptor.common" value="C:\Users\Admin\.jenkins\plugins\maven-plugin\WEB-INF\lib\maven3-interceptor-commons-1.14.jar"/>
    <property name="ProgramFiles" value="C:\Program Files"/>
    <property name="PUBLIC" value="C:\Users\Public"/>
    <property name="windir" value="C:\WINDOWS"/>
    <property name="=::" value="::\"/>
    <property name="ZES_ENABLE_SYSMAN" value="1"/>
    <property name="WORKSPACE_TMP" value="C:\Users\Admin\.jenkins\workspace\mavenproject1@tmp"/>
    <property name="user.script" value=""/>
    <property name="sun.management.compiler" value="HotSpot 64-Bit Tiered Compilers"/>
    <property name="FPS_BROWSER_APP_PROFILE_STRING" value="Internet Explorer"/>
    <property name="java.runtime.version" value="17.0.7+8-LTS-224"/>
    <property name="JAVA_HOME" value="C:\Program Files\Java\jdk-17"/>
    <property name="PROMPT" value="$P$G"/>
    <property name="user.name" value="Admin"/>
    <property name="POM_ARTIFACTID" value="mavenproject1"/>
    <property name="OneDrive" value="C:\Users\Admin\OneDrive"/>
    <property name="file.encoding" value="Cp1252"/>
    <property name="=C:" value="C:\Users\Admin\Documents"/>
    <property name="APPDATA" value="C:\Users\Admin\AppData\Roaming"/>
    <property name="guice.disable.misplaced.annotation.check" value="true"/>
    <property name="HUDSON_URL" value="http://localhost:9090/"/>
    <property name="WORKSPACE" value="C:\Users\Admin\.jenkins\workspace\mavenproject1"/>
    <property name="Path" value="C:\Program Files\Java\jdk-17/bin;C:\Program Files\Common Files\Oracle\Java\javapath;C:\oraclexe\app\oracle\product\11.2.0\server\bin;C:\WINDOWS\system32;C:\WINDOWS;C:\WINDOWS\System32\Wbem;C:\WINDOWS\System32\WindowsPowerShell\v1.0\;C:\WINDOWS\System32\OpenSSH\;C:\Program Files\Git\cmd;C:\Program Files\apache-maven-3.9.3\bin;C:\Program Files\Java\jdk-17\bin;C:\Users\Admin\AppData\Local\Microsoft\WindowsApps;"/>
    <property name="java.io.tmpdir" value="C:\Users\Admin\AppData\Local\Temp\"/>
    <property name="GIT_COMMIT" value="597ff53043cb306f3b9724fd8fcb3e0dcc7f00ef"/>
    <property name="java.version" value="17.0.7"/>
    <property name="CI" value="true"/>
    <property name="COMPUTERNAME" value="DESKTOP-IEPVL3O"/>
    <property name="java.vm.specification.name" value="Java Virtual Machine Specification"/>
    <property name="JOB_BASE_NAME" value="mavenproject1"/>
    <property name="sun.os.patch.level" value=""/>
    <property name="ComSpec" value="C:\WINDOWS\system32\cmd.exe"/>
    <property name="org.slf4j.simpleLogger.defaultLogLevel" value="info"/>
    <property name="native.encoding" value="Cp1252"/>
    <property name="java.library.path" value="C:\Program Files\Java\jdk-17\bin;C:\WINDOWS\Sun\Java\bin;C:\WINDOWS\system32;C:\WINDOWS;C:\Program Files\apache-maven-3.9.3/bin;C:\Program Files\Java\jdk-17/bin;C:\Program Files\Java\jdk-17/bin;C:\Program Files\Common Files\Oracle\Java\javapath;C:\oraclexe\app\oracle\product\11.2.0\server\bin;C:\WINDOWS\system32;C:\WINDOWS;C:\WINDOWS\System32\Wbem;C:\WINDOWS\System32\WindowsPowerShell\v1.0\;C:\WINDOWS\System32\OpenSSH\;C:\Program Files\Git\cmd;C:\Program Files\apache-maven-3.9.3\bin;C:\Program Files\Java\jdk-17\bin;C:\Users\Admin\AppData\Local\Microsoft\WindowsApps;;."/>
    <property name="BUILD_NUMBER" value="37"/>
    <property name="java.vendor" value="Oracle Corporation"/>
    <property name="BUILD_URL" value="http://localhost:9090/job/mavenproject1/37/"/>
    <property name="HOMEDRIVE" value="C:"/>
    <property name="RUN_ARTIFACTS_DISPLAY_URL" value="http://localhost:9090/job/mavenproject1/37/display/redirect?page=artifacts"/>
    <property name="sun.io.unicode.encoding" value="UnicodeLittle"/>
    <property name="POM_DISPLAYNAME" value="mavenproject1"/>
    <property name="GIT_URL" value="https://github.com/pratikshapaw/mavenproject1.git"/>
    <property name="NUMBER_OF_PROCESSORS" value="4"/>
    <property name="USERDOMAIN_ROAMINGPROFILE" value="DESKTOP-IEPVL3O"/>
    <property name="PROCESSOR_LEVEL" value="6"/>
    <property name="JOB_URL" value="http://localhost:9090/job/mavenproject1/"/>
    <property name="java.class.path" value="C:\Users\Admin\.jenkins\plugins\maven-plugin\WEB-INF\lib\maven35-agent-1.14.jar;C:\Program Files\apache-maven-3.9.3\boot\plexus-classworlds-2.7.0.jar;C:\Program Files\apache-maven-3.9.3/conf/logging"/>
    <property name="java.vm.vendor" value="Oracle Corporation"/>
    <property name="PROCESSOR_ARCHITECTURE" value="AMD64"/>
    <property name="PSModulePath" value="C:\Program Files\WindowsPowerShell\Modules;C:\WINDOWS\system32\WindowsPowerShell\v1.0\Modules"/>
    <property name="user.variant" value=""/>
    <property name="MAVEN_HOME" value="C:\Program Files\apache-maven-3.9.3"/>
    <property name="user.timezone" value="Asia/Calcutta"/>
    <property name="maven.conf" value="C:\Program Files\apache-maven-3.9.3\conf"/>
    <property name="java.vm.specification.version" value="17"/>
    <property name="os.name" value="Windows 10"/>
    <property name="RUN_TESTS_DISPLAY_URL" value="http://localhost:9090/job/mavenproject1/37/display/redirect?page=tests"/>
    <property name="user.country" value="US"/>
    <property name="sun.java.launcher" value="SUN_STANDARD"/>
    <property name="POM_VERSION" value="0.0.1-SNAPSHOT"/>
    <property name="BUILD_TAG" value="jenkins-mavenproject1-37"/>
    <property name="sun.cpu.endian" value="little"/>
    <property name="user.home" value="C:\Users\Admin"/>
    <property name="user.language" value="en"/>
    <property name="ProgramData" value="C:\ProgramData"/>
    <property name="ProgramW6432" value="C:\Program Files"/>
    <property name="JOB_DISPLAY_URL" value="http://localhost:9090/job/mavenproject1/display/redirect"/>
    <property name="M2_HOME" value="C:\Program Files\apache-maven-3.9.3"/>
    <property name="GIT_BRANCH" value="origin/master"/>
    <property name="GIT_PREVIOUS_COMMIT" value="597ff53043cb306f3b9724fd8fcb3e0dcc7f00ef"/>
    <property name="LOCALAPPDATA" value="C:\Users\Admin\AppData\Local"/>
    <property name="POM_PACKAGING" value="jar"/>
    <property name="USERDOMAIN" value="DESKTOP-IEPVL3O"/>
    <property name="LOGONSERVER" value="\\DESKTOP-IEPVL3O"/>
    <property name="path.separator" value=";"/>
    <property name="BUILD_ID" value="37"/>
    <property name="os.version" value="10.0"/>
    <property name="JOB_NAME" value="mavenproject1"/>
    <property name="java.runtime.name" value="Java(TM) SE Runtime Environment"/>
    <property name="GIT_PREVIOUS_SUCCESSFUL_COMMIT" value="597ff53043cb306f3b9724fd8fcb3e0dcc7f00ef"/>
    <property name="NODE_LABELS" value="built-in"/>
    <property name="java.vm.name" value="Java HotSpot(TM) 64-Bit Server VM"/>
    <property name="PATH+JDK" value="C:\Program Files\Java\jdk-17/bin"/>
    <property name="CommonProgramFiles" value="C:\Program Files\Common Files"/>
    <property name="java.vendor.url.bug" value="https://bugreport.java.com/bugreport/"/>
    <property name="OS" value="Windows_NT"/>
    <property name="user.dir" value="C:\Users\Admin\eclipse-workspace\mavenproject1"/>
    <property name="os.arch" value="amd64"/>
    <property name="EXECUTOR_NUMBER" value="1"/>
    <property name="HUDSON_SERVER_COOKIE" value="925786223d7e50a9"/>
    <property name="PROCESSOR_REVISION" value="4e03"/>
    <property name="CLASSPATH" value=""/>
    <property name="CommonProgramW6432" value="C:\Program Files\Common Files"/>
    <property name="SystemRoot" value="C:\WINDOWS"/>
    <property name="TEMP" value="C:\Users\Admin\AppData\Local\Temp"/>
    <property name="java.vm.info" value="mixed mode, sharing"/>
    <property name="java.vm.version" value="17.0.7+8-LTS-224"/>
    <property name="USERPROFILE" value="C:\Users\Admin"/>
    <property name="TMP" value="C:\Users\Admin\AppData\Local\Temp"/>
    <property name="CommonProgramFiles(x86)" value="C:\Program Files (x86)\Common Files"/>
    <property name="java.class.version" value="61.0"/>
  </properties>
  <testcase name="runScenario" classname="execution.LoginPageRunner" time="62.174"/>
  <testcase name="runScenario" classname="execution.LoginPageRunner" time="20.302"/>
  <testcase name="runScenario" classname="execution.LoginPageRunner" time="18.204"/>
</testsuite>