<?xml version="1.0" encoding="UTF-8"?>
<!-- Generated by org.testng.reporters.JUnitReportReporter -->
<testsuite hostname="DESKTOP-IEPVL3O" failures="0" tests="3" name="execution.LoginPageRunner" time="60.697" errors="0" timestamp="2023-12-26T22:12:50 IST" skipped="0">
  <testcase classname="execution.LoginPageRunner" name="runScenario" time="27.378"/>
  <system-out/>
  <testcase classname="execution.LoginPageRunner" name="runScenario" time="17.163"/>
  <system-out/>
  <testcase classname="execution.LoginPageRunner" name="runScenario" time="16.156"/>
  <system-out/>
</testsuite> <!-- execution.LoginPageRunner -->
