<?xml version="1.0" encoding="UTF-8"?>
<!-- Generated by org.testng.reporters.JUnitReportReporter -->
<testsuite hostname="DESKTOP-IEPVL3O" failures="0" tests="2" name="execution.LoginPageRunner" time="40.547" errors="0" timestamp="2023-07-20T01:22:59 IST" skipped="0">
  <testcase classname="execution.LoginPageRunner" name="runScenario" time="21.634"/>
  <system-out/>
  <testcase classname="execution.LoginPageRunner" name="runScenario" time="18.913"/>
  <system-out/>
</testsuite> <!-- execution.LoginPageRunner -->
