<?xml version="1.0" encoding="UTF-8"?>
<!-- Generated by org.testng.reporters.JUnitReportReporter -->
<testsuite hostname="DESKTOP-IEPVL3O" failures="0" tests="3" name="execution.LoginPageRunner" time="50.138" errors="0" timestamp="2023-07-20T17:07:40 IST" skipped="0">
  <testcase classname="execution.LoginPageRunner" name="runScenario" time="15.466"/>
  <system-out/>
  <testcase classname="execution.LoginPageRunner" name="runScenario" time="18.429"/>
  <system-out/>
  <testcase classname="execution.LoginPageRunner" name="runScenario" time="16.243"/>
  <system-out/>
</testsuite> <!-- execution.LoginPageRunner -->
