<?xml version="1.0" encoding="UTF-8"?>
<!-- Generated by org.testng.reporters.JUnitReportReporter -->
<testsuite hostname="DESKTOP-IEPVL3O" failures="0" tests="3" name="execution.LoginPageRunner" time="55.877" errors="0" timestamp="2023-12-26T22:23:07 IST" skipped="0">
  <testcase classname="execution.LoginPageRunner" name="runScenario" time="15.039"/>
  <system-out/>
  <testcase classname="execution.LoginPageRunner" name="runScenario" time="25.524"/>
  <system-out/>
  <testcase classname="execution.LoginPageRunner" name="runScenario" time="15.314"/>
  <system-out/>
</testsuite> <!-- execution.LoginPageRunner -->
