<?xml version="1.0" encoding="UTF-8"?>
<!-- Generated by org.testng.reporters.JUnitReportReporter -->
<testsuite hostname="DESKTOP-IEPVL3O" failures="0" tests="1" name="execution.HomePageRunner" time="22.028" errors="0" timestamp="2023-07-14T01:08:55 IST" skipped="0">
  <testcase classname="execution.HomePageRunner" name="runScenario" time="22.028"/>
  <system-out/>
</testsuite> <!-- execution.HomePageRunner -->
