<?xml version="1.0" encoding="UTF-8"?>
<!-- Generated by org.testng.reporters.JUnitReportReporter -->
<testsuite hostname="DESKTOP-IEPVL3O" failures="0" tests="3" name="execution.LoginPageRunner" time="51.996" errors="0" timestamp="2023-07-18T16:02:33 IST" skipped="0">
  <testcase classname="execution.LoginPageRunner" name="runScenario" time="17.487"/>
  <system-out/>
  <testcase classname="execution.LoginPageRunner" name="runScenario" time="17.292"/>
  <system-out/>
  <testcase classname="execution.LoginPageRunner" name="runScenario" time="17.217"/>
  <system-out/>
</testsuite> <!-- execution.LoginPageRunner -->
