<?xml version="1.0" encoding="UTF-8"?>
<!-- Generated by org.testng.reporters.JUnitReportReporter -->
<testsuite hostname="DESKTOP-IEPVL3O" failures="0" tests="3" name="execution.LoginPageRunner" time="59.470" errors="0" timestamp="2024-01-16T22:09:55 IST" skipped="0">
  <testcase classname="execution.LoginPageRunner" name="runScenario" time="17.728"/>
  <system-out/>
  <testcase classname="execution.LoginPageRunner" name="runScenario" time="24.465"/>
  <system-out/>
  <testcase classname="execution.LoginPageRunner" name="runScenario" time="17.277"/>
  <system-out/>
</testsuite> <!-- execution.LoginPageRunner -->
