<?xml version="1.0" encoding="UTF-8"?>
<!-- Generated by org.testng.reporters.JUnitReportReporter -->
<testsuite hostname="DESKTOP-IEPVL3O" failures="0" tests="3" name="execution.LoginPageRunner" time="71.097" errors="0" timestamp="2023-12-26T22:27:05 IST" skipped="0">
  <testcase classname="execution.LoginPageRunner" name="runScenario" time="24.445"/>
  <system-out/>
  <testcase classname="execution.LoginPageRunner" name="runScenario" time="18.013"/>
  <system-out/>
  <testcase classname="execution.LoginPageRunner" name="runScenario" time="28.639"/>
  <system-out/>
</testsuite> <!-- execution.LoginPageRunner -->
