<?xml version="1.0" encoding="UTF-8"?>
<!-- Generated by org.testng.reporters.JUnitReportReporter -->
<testsuite hostname="DESKTOP-IEPVL3O" failures="0" tests="3" name="execution.LoginPageRunner" time="100.670" errors="0" timestamp="2024-01-29T13:48:26 IST" skipped="0">
  <testcase classname="execution.LoginPageRunner" name="runScenario" time="18.205"/>
  <system-out/>
  <testcase classname="execution.LoginPageRunner" name="runScenario" time="20.302"/>
  <system-out/>
  <testcase classname="execution.LoginPageRunner" name="runScenario" time="62.163"/>
  <system-out/>
</testsuite> <!-- execution.LoginPageRunner -->
